<?xml version="1.0" encoding="UTF-8"?>
<!-- Generated by org.testng.reporters.JUnitXMLReporter -->
<testsuite hostname="dell-PC" name="Test" tests="4" failures="0" timestamp="4 Jun 2020 01:26:59 GMT" time="0.077" errors="0">
  <testcase name="print" time="0.025" classname="xmlPracticeCopy.TestXml"/>
  <testcase name="print" time="0.025" classname="xmlPracticeCopy.TestXml"/>
  <testcase name="print" time="0.003" classname="xmlPracticeCopy.TestXml1"/>
  <testcase name="print" time="0.003" classname="xmlPracticeCopy.TestXml1"/>
</testsuite> <!-- Test -->
