<?xml version="1.0" encoding="UTF-8"?>
<!-- Generated by org.testng.reporters.JUnitXMLReporter -->
<testsuite hostname="dell-PC" name="Default test" tests="6" failures="0" timestamp="9 Jun 2020 02:43:15 GMT" time="46.889" errors="0">
  <testcase name="mailTextTest" time="0.203" classname="com.test.GoogleTest"/>
  <testcase name="mailTextTest" time="0.203" classname="com.test.GoogleTest"/>
  <testcase name="GoogleLogoTest" time="0.203" classname="com.test.GoogleTest"/>
  <testcase name="GoogleLogoTest" time="0.203" classname="com.test.GoogleTest"/>
  <testcase name="GoogleTitleTest" time="0.033" classname="com.test.GoogleTest"/>
  <testcase name="GoogleTitleTest" time="0.033" classname="com.test.GoogleTest"/>
</testsuite> <!-- Default test -->
