<?xml version="1.0" encoding="UTF-8"?>
<!-- Generated by org.testng.reporters.JUnitXMLReporter -->
<testsuite hostname="dell-PC" name="Test" tests="4" failures="0" timestamp="4 Jun 2020 01:29:25 GMT" time="0.07" errors="0">
  <testcase name="print" time="0.021" classname="xmlPractice.TestXml1"/>
  <testcase name="print" time="0.021" classname="xmlPractice.TestXml1"/>
  <testcase name="print" time="0.003" classname="xmlPractice.TestXml"/>
  <testcase name="print" time="0.003" classname="xmlPractice.TestXml"/>
</testsuite> <!-- Test -->
